# JRE version: Java(TM) SE Runtime Environment 18.9 (11.0.24+7) (build 11.0.24+7-LTS-271)
# Java VM: Java HotSpot(TM) 64-Bit Server VM 18.9 (11.0.24+7-LTS-271, mixed mode, tiered, compressed oops, g1 gc, windows-amd64)
Heap:
 garbage-first heap   total 129024K, used 17962K [0x0000000082000000, 0x0000000100000000)
  region size 1024K, 6 young (6144K), 3 survivors (3072K)
 Metaspace       used 37234K, capacity 38560K, committed 38700K, reserved 1083392K
  class space    used 4284K, capacity 4876K, committed 4992K, reserved 1048576K
GC Heap History (8 events):
Event: 3.906 GC heap before
{Heap before GC invocations=0 (full 0):
 garbage-first heap   total 129024K, used 24576K [0x0000000082000000, 0x0000000100000000)
  region size 1024K, 24 young (24576K), 0 survivors (0K)
 Metaspace       used 13396K, capacity 13612K, committed 13696K, reserved 1060864K
  class space    used 1259K, capacity 1347K, committed 1408K, reserved 1048576K
}
Event: 3.912 GC heap after
{Heap after GC invocations=1 (full 0):
 garbage-first heap   total 129024K, used 7901K [0x0000000082000000, 0x0000000100000000)
  region size 1024K, 3 young (3072K), 3 survivors (3072K)
 Metaspace       used 13396K, capacity 13612K, committed 13696K, reserved 1060864K
  class space    used 1259K, capacity 1347K, committed 1408K, reserved 1048576K
}
Event: 4.757 GC heap before
{Heap before GC invocations=1 (full 0):
 garbage-first heap   total 129024K, used 57053K [0x0000000082000000, 0x0000000100000000)
  region size 1024K, 52 young (53248K), 3 survivors (3072K)
 Metaspace       used 20626K, capacity 21085K, committed 21248K, reserved 1069056K
  class space    used 2117K, capacity 2290K, committed 2304K, reserved 1048576K
}
Event: 4.762 GC heap after
{Heap after GC invocations=2 (full 0):
 garbage-first heap   total 129024K, used 9365K [0x0000000082000000, 0x0000000100000000)
  region size 1024K, 5 young (5120K), 5 survivors (5120K)
 Metaspace       used 20626K, capacity 21085K, committed 21248K, reserved 1069056K
  class space    used 2117K, capacity 2290K, committed 2304K, reserved 1048576K
}
Event: 41.935 GC heap before
{Heap before GC invocations=3 (full 0):
 garbage-first heap   total 129024K, used 54421K [0x0000000082000000, 0x0000000100000000)
  region size 1024K, 49 young (50176K), 5 survivors (5120K)
 Metaspace       used 32222K, capacity 33392K, committed 33664K, reserved 1079296K
  class space    used 3633K, capacity 4134K, committed 4224K, reserved 1048576K
}
Event: 41.945 GC heap after
{Heap after GC invocations=4 (full 0):
 garbage-first heap   total 129024K, used 13821K [0x0000000082000000, 0x0000000100000000)
  region size 1024K, 6 young (6144K), 6 survivors (6144K)
 Metaspace       used 32222K, capacity 33392K, committed 33664K, reserved 1079296K
  class space    used 3633K, capacity 4134K, committed 4224K, reserved 1048576K
}
Event: 43.140 GC heap before
{Heap before GC invocations=4 (full 0):
 garbage-first heap   total 129024K, used 26109K [0x0000000082000000, 0x0000000100000000)
  region size 1024K, 19 young (19456K), 6 survivors (6144K)
 Metaspace       used 34313K, capacity 35488K, committed 35628K, reserved 1081344K
  class space    used 3890K, capacity 4412K, committed 4480K, reserved 1048576K
}
Event: 43.147 GC heap after
{Heap after GC invocations=5 (full 0):
 garbage-first heap   total 129024K, used 14241K [0x0000000082000000, 0x0000000100000000)
  region size 1024K, 5 young (5120K), 5 survivors (5120K)
 Metaspace       used 34313K, capacity 35488K, committed 35628K, reserved 1081344K
  class space    used 3890K, capacity 4412K, committed 4480K, reserved 1048576K
}

